[INFO ] 2023-11-01 17:16:43.403 [main] Log4Demo - this is info message
[ERROR] 2023-11-01 17:16:43.405 [main] Log4Demo - This is error message
[WARN ] 2023-11-01 17:16:43.405 [main] Log4Demo - This is a warn messag 
[FATAL] 2023-11-01 17:16:43.405 [main] Log4Demo - This is a fatal message
[TRACE] 2023-11-01 17:21:19.502 [main] Log4Demo - This is trace message
[INFO ] 2023-11-01 17:21:19.505 [main] Log4Demo - this is info message
[INFO ] 2023-11-01 17:21:19.505 [main] Log4Demo - this is info message
[ERROR] 2023-11-01 17:21:19.505 [main] Log4Demo - This is error message
[ERROR] 2023-11-01 17:21:19.505 [main] Log4Demo - This is error message
[WARN ] 2023-11-01 17:21:19.505 [main] Log4Demo - This is a warn messag 
[WARN ] 2023-11-01 17:21:19.505 [main] Log4Demo - This is a warn messag 
[FATAL] 2023-11-01 17:21:19.506 [main] Log4Demo - This is a fatal message
[FATAL] 2023-11-01 17:21:19.506 [main] Log4Demo - This is a fatal message
[TRACE] 2023-11-01 17:22:23.984 [main] Log4Demo - This is trace message
[TRACE] 2023-11-01 17:22:23.984 [main] Log4Demo - This is trace message
[INFO ] 2023-11-01 17:22:23.986 [main] Log4Demo - this is info message
[INFO ] 2023-11-01 17:22:23.986 [main] Log4Demo - this is info message
[ERROR] 2023-11-01 17:22:23.986 [main] Log4Demo - This is error message
[ERROR] 2023-11-01 17:22:23.986 [main] Log4Demo - This is error message
[WARN ] 2023-11-01 17:22:23.986 [main] Log4Demo - This is a warn messag 
[WARN ] 2023-11-01 17:22:23.986 [main] Log4Demo - This is a warn messag 
[FATAL] 2023-11-01 17:22:23.986 [main] Log4Demo - This is a fatal message
[FATAL] 2023-11-01 17:22:23.986 [main] Log4Demo - This is a fatal message
[INFO ] 2023-11-01 23:03:43.297 [main] Log4Demo - Browser Started
[INFO ] 2023-11-01 23:03:43.297 [main] Log4Demo - Browser Started
[INFO ] 2023-11-01 23:04:11.479 [main] Log4Demo - Browser Started
[INFO ] 2023-11-01 23:04:11.479 [main] Log4Demo - Browser Started
[INFO ] 2023-11-01 23:04:36.442 [main] Log4Demo - Browser Started
[INFO ] 2023-11-01 23:04:36.442 [main] Log4Demo - Browser Started
[INFO ] 2023-11-01 23:04:56.991 [main] Log4Demo - Browser Started
[INFO ] 2023-11-01 23:04:56.991 [main] Log4Demo - Browser Started
